Determining if the pthread_create exist failed with the following output:
Change Dir: /home/fede/Desktop/Assessment/build/CMakeFiles/CMakeTmp

Run Build Command:"/usr/bin/make" "cmTC_32348/fast"
/usr/bin/make -f CMakeFiles/cmTC_32348.dir/build.make CMakeFiles/cmTC_32348.dir/build
make[1]: Entering directory '/home/fede/Desktop/Assessment/build/CMakeFiles/CMakeTmp'
Building C object CMakeFiles/cmTC_32348.dir/CheckSymbolExists.c.o
/usr/bin/cc    -o CMakeFiles/cmTC_32348.dir/CheckSymbolExists.c.o   -c /home/fede/Desktop/Assessment/build/CMakeFiles/CMakeTmp/CheckSymbolExists.c
Linking C executable cmTC_32348
/usr/bin/cmake -E cmake_link_script CMakeFiles/cmTC_32348.dir/link.txt --verbose=1
/usr/bin/cc      -rdynamic CMakeFiles/cmTC_32348.dir/CheckSymbolExists.c.o  -o cmTC_32348 
CMakeFiles/cmTC_32348.dir/CheckSymbolExists.c.o: In function `main':
CheckSymbolExists.c:(.text+0x1b): undefined reference to `pthread_create'
collect2: error: ld returned 1 exit status
CMakeFiles/cmTC_32348.dir/build.make:97: recipe for target 'cmTC_32348' failed
make[1]: *** [cmTC_32348] Error 1
make[1]: Leaving directory '/home/fede/Desktop/Assessment/build/CMakeFiles/CMakeTmp'
Makefile:126: recipe for target 'cmTC_32348/fast' failed
make: *** [cmTC_32348/fast] Error 2

File /home/fede/Desktop/Assessment/build/CMakeFiles/CMakeTmp/CheckSymbolExists.c:
/* */
#include <pthread.h>

int main(int argc, char** argv)
{
  (void)argv;
#ifndef pthread_create
  return ((int*)(&pthread_create))[argc];
#else
  (void)argc;
  return 0;
#endif
}

Determining if the function pthread_create exists in the pthreads failed with the following output:
Change Dir: /home/fede/Desktop/Assessment/build/CMakeFiles/CMakeTmp

Run Build Command:"/usr/bin/make" "cmTC_4b46d/fast"
/usr/bin/make -f CMakeFiles/cmTC_4b46d.dir/build.make CMakeFiles/cmTC_4b46d.dir/build
make[1]: Entering directory '/home/fede/Desktop/Assessment/build/CMakeFiles/CMakeTmp'
Building C object CMakeFiles/cmTC_4b46d.dir/CheckFunctionExists.c.o
/usr/bin/cc   -DCHECK_FUNCTION_EXISTS=pthread_create   -o CMakeFiles/cmTC_4b46d.dir/CheckFunctionExists.c.o   -c /usr/share/cmake-3.10/Modules/CheckFunctionExists.c
Linking C executable cmTC_4b46d
/usr/bin/cmake -E cmake_link_script CMakeFiles/cmTC_4b46d.dir/link.txt --verbose=1
/usr/bin/cc  -DCHECK_FUNCTION_EXISTS=pthread_create    -rdynamic CMakeFiles/cmTC_4b46d.dir/CheckFunctionExists.c.o  -o cmTC_4b46d -lpthreads 
/usr/bin/ld: cannot find -lpthreads
collect2: error: ld returned 1 exit status
CMakeFiles/cmTC_4b46d.dir/build.make:97: recipe for target 'cmTC_4b46d' failed
make[1]: *** [cmTC_4b46d] Error 1
make[1]: Leaving directory '/home/fede/Desktop/Assessment/build/CMakeFiles/CMakeTmp'
Makefile:126: recipe for target 'cmTC_4b46d/fast' failed
make: *** [cmTC_4b46d/fast] Error 2


